[Wed Mar 25 22:58:15 2015] INFO: Opened log file AprilsQuest.log
[Wed Mar 25 22:58:15 2015] INFO: Created 3 worker threads
[Wed Mar 25 22:58:15 2015] INFO: Added resource path D:/workspace/c++/platform_game/Data/
[Wed Mar 25 22:58:15 2015] INFO: Added resource path D:/workspace/c++/platform_game/CoreData/
[Wed Mar 25 22:58:15 2015] WARNING: Skipped autoload folder Extra as it does not exist
[Wed Mar 25 22:58:15 2015] INFO: Set screen mode 800x600 windowed
[Wed Mar 25 22:58:15 2015] INFO: Initialized input
[Wed Mar 25 22:58:15 2015] INFO: Initialized user interface
[Wed Mar 25 22:58:15 2015] INFO: Initialized renderer
[Wed Mar 25 22:58:15 2015] INFO: Set audio mode 44100 Hz stereo interpolated
[Wed Mar 25 22:58:15 2015] INFO: Initialized engine
[Wed Mar 25 22:58:15 2015] ERROR: Could not find resource Urho2D/nivel1.tmx
[Wed Mar 25 22:58:15 2015] INFO: Loaded Lua script Scripts/player.lua
iniciando el scrip

Used resources:
Textures/Ramp.png
Textures/Spot.png
Textures/UI.png
Maps/tiles_spritesheet.png
Urho2D/gladiador.png
Urho2D/gun.png
Techniques/NoTexture.xml
RenderPaths/Forward.xml
UI/DefaultStyle.xml
Scenes/nodo_map.xml
Textures/UrhoIcon.png
Fonts/Anonymous Pro.ttf
Maps/nivel1.tmx
Urho2D/target.png
Urho2D/gladiador.xml
Urho2D/gun.xml
Urho2D/gladiador.scml
Urho2D/gun.scml
Scripts/player.lua
Shaders/GLSL/Basic.glsl
